<?xml version="1.0" encoding="UTF-8"?>
<testsuite xmlns:xsi="http://www.w3.org/2001/XMLSchema-instance" xsi:noNamespaceSchemaLocation="https://maven.apache.org/surefire/maven-surefire-plugin/xsd/surefire-test-report-3.0.xsd" version="3.0" name="com.mauricio.bank.api.BankControllerITTest" time="1.843" tests="2" errors="0" skipped="0" failures="0">
  <properties>
[...]
</properties>
  <testcase name="withdraw_withoutFunds_returns422" classname="com.mauricio.bank.api.BankControllerITTest" time="0.379">
    <system-out><![CDATA[12:15:32.770 [main] INFO org.springframework.test.context.support.AnnotationConfigContextLoaderUtils -- Could not detect default configuration classes for test class [com.mauricio.bank.api.BankControllerITTest]: BankControllerITTest does not declare any static, non-private, non-final, nested classes annotated with @Configuration.
12:15:32.808 [main] INFO org.springframework.boot.test.context.SpringBootTestContextBootstrapper -- Found @SpringBootConfiguration com.mauricio.bank.BankApplication for test class com.mauricio.bank.api.BankControllerITTest

  .   ____          _            __ _ _
 /\\ / ___'_ __ _ _(_)_ __  __ _ \ \ \ \
( ( )\___ | '_ | '_| | '_ \/ _` | \ \ \ \
 \\/  ___)| |_)| | | | | || (_| |  ) ) ) )
  '  |____| .__|_| |_|_| |_\__, | / / / /
 =========|_|==============|___/=/_/_/_/

 :: Spring Boot ::                (v3.3.5)

2026-03-04T12:15:32.914-06:00  INFO 79708 --- [           main] c.m.bank.api.BankControllerITTest        : Starting BankControllerITTest using Java 21.0.10 with PID 79708 (started by maurogutierrez in /Users/maurogutierrez/code/mauros05/java/bananza)
2026-03-04T12:15:32.914-06:00  INFO 79708 --- [           main] c.m.bank.api.BankControllerITTest        : The following 1 profile is active: "test"
2026-03-04T12:15:33.133-06:00  INFO 79708 --- [           main] .s.d.r.c.RepositoryConfigurationDelegate : Bootstrapping Spring Data JPA repositories in DEFAULT mode.
2026-03-04T12:15:33.149-06:00  INFO 79708 --- [           main] .s.d.r.c.RepositoryConfigurationDelegate : Finished Spring Data repository scanning in 12 ms. Found 2 JPA repository interfaces.
2026-03-04T12:15:33.274-06:00  INFO 79708 --- [           main] o.hibernate.jpa.internal.util.LogHelper  : HHH000204: Processing PersistenceUnitInfo [name: default]
2026-03-04T12:15:33.292-06:00  INFO 79708 --- [           main] org.hibernate.Version                    : HHH000412: Hibernate ORM core version 6.5.3.Final
2026-03-04T12:15:33.302-06:00  INFO 79708 --- [           main] o.h.c.internal.RegionFactoryInitiator    : HHH000026: Second-level cache disabled
2026-03-04T12:15:33.391-06:00  INFO 79708 --- [           main] o.s.o.j.p.SpringPersistenceUnitInfo      : No LoadTimeWeaver setup: ignoring JPA class transformer
2026-03-04T12:15:33.402-06:00  INFO 79708 --- [           main] com.zaxxer.hikari.HikariDataSource       : HikariPool-1 - Starting...
2026-03-04T12:15:33.456-06:00  INFO 79708 --- [           main] com.zaxxer.hikari.pool.HikariPool        : HikariPool-1 - Added connection conn0: url=jdbc:h2:mem:banktest user=SA
2026-03-04T12:15:33.456-06:00  INFO 79708 --- [           main] com.zaxxer.hikari.HikariDataSource       : HikariPool-1 - Start completed.
2026-03-04T12:15:33.465-06:00  WARN 79708 --- [           main] org.hibernate.orm.deprecation            : HHH90000025: H2Dialect does not need to be specified explicitly using 'hibernate.dialect' (remove the property setting and it will be selected by default)
2026-03-04T12:15:33.717-06:00  INFO 79708 --- [           main] o.h.e.t.j.p.i.JtaPlatformInitiator       : HHH000489: No JTA platform available (set 'hibernate.transaction.jta.platform' to enable JTA platform integration)
2026-03-04T12:15:33.729-06:00  INFO 79708 --- [           main] j.LocalContainerEntityManagerFactoryBean : Initialized JPA EntityManagerFactory for persistence unit 'default'
2026-03-04T12:15:33.806-06:00  INFO 79708 --- [           main] o.s.d.j.r.query.QueryEnhancerFactory     : Hibernate is in classpath; If applicable, HQL parser will be used.
2026-03-04T12:15:34.158-06:00  INFO 79708 --- [           main] o.s.b.t.m.w.SpringBootMockServletContext : Initializing Spring TestDispatcherServlet ''
2026-03-04T12:15:34.158-06:00  INFO 79708 --- [           main] o.s.t.web.servlet.TestDispatcherServlet  : Initializing Servlet ''
2026-03-04T12:15:34.158-06:00  INFO 79708 --- [           main] o.s.t.web.servlet.TestDispatcherServlet  : Completed initialization in 0 ms
2026-03-04T12:15:34.166-06:00  INFO 79708 --- [           main] c.m.bank.api.BankControllerITTest        : Started BankControllerITTest in 1.323 seconds (process running for 1.604)
]]></system-out>
    <system-err><![CDATA[WARNING: A Java agent has been loaded dynamically (/Users/maurogutierrez/.m2/repository/net/bytebuddy/byte-buddy-agent/1.14.19/byte-buddy-agent-1.14.19.jar)
WARNING: If a serviceability tool is in use, please run with -XX:+EnableDynamicAgentLoading to hide this warning
WARNING: If a serviceability tool is not in use, please run with -Djdk.instrument.traceUsage for more information
WARNING: Dynamic loading of agents will be disallowed by default in a future release
]]></system-err>
  </testcase>
  <testcase name="createAccount_thenDeposit_thenGetAccount" classname="com.mauricio.bank.api.BankControllerITTest" time="0.01"/>
</testsuite>